0 info it worked if it ends with ok
1 verbose cli [ '/home/ec2-user/.nvm/versions/node/v6.14.3/bin/node',
1 verbose cli   '/home/ec2-user/.nvm/versions/node/v6.14.3/bin/npm',
1 verbose cli   'install',
1 verbose cli   'opencv-python' ]
2 info using npm@3.10.10
3 info using node@v6.14.3
4 silly loadCurrentTree Starting
5 silly install loadCurrentTree
6 silly install readLocalPackageData
7 silly fetchPackageMetaData opencv-python
8 silly fetchNamedPackageData opencv-python
9 silly mapToRegistry name opencv-python
10 silly mapToRegistry using default registry
11 silly mapToRegistry registry https://registry.npmjs.org/
12 silly mapToRegistry data Result {
12 silly mapToRegistry   raw: 'opencv-python',
12 silly mapToRegistry   scope: null,
12 silly mapToRegistry   escapedName: 'opencv-python',
12 silly mapToRegistry   name: 'opencv-python',
12 silly mapToRegistry   rawSpec: '',
12 silly mapToRegistry   spec: 'latest',
12 silly mapToRegistry   type: 'tag' }
13 silly mapToRegistry uri https://registry.npmjs.org/opencv-python
14 verbose request uri https://registry.npmjs.org/opencv-python
15 verbose request no auth needed
16 info attempt registry request try #1 at 10:05:08 PM
17 verbose request id 417022054e6a6896
18 http request GET https://registry.npmjs.org/opencv-python
19 http 404 https://registry.npmjs.org/opencv-python
20 verbose headers { date: 'Sat, 11 Aug 2018 22:05:09 GMT',
20 verbose headers   'content-type': 'application/json',
20 verbose headers   'content-length': '21',
20 verbose headers   connection: 'keep-alive',
20 verbose headers   'set-cookie': [ '__cfduid=d796de1ea835c2fca3b09bc78c435434d1534025108; expires=Sun, 11-Aug-19 22:05:08 GMT; path=/; domain=.registry.npmjs.org; HttpOnly' ],
20 verbose headers   'cache-control': 'max-age=300',
20 verbose headers   'cf-cache-status': 'MISS',
20 verbose headers   'cf-ray': '448e007f48e46fae-SIN',
20 verbose headers   'expect-ct': 'max-age=604800, report-uri="https://report-uri.cloudflare.com/cdn-cgi/beacon/expect-ct"',
20 verbose headers   vary: 'accept-encoding, accept',
20 verbose headers   server: 'cloudflare' }
21 silly get cb [ 404,
21 silly get   { date: 'Sat, 11 Aug 2018 22:05:09 GMT',
21 silly get     'content-type': 'application/json',
21 silly get     'content-length': '21',
21 silly get     connection: 'keep-alive',
21 silly get     'set-cookie': [ '__cfduid=d796de1ea835c2fca3b09bc78c435434d1534025108; expires=Sun, 11-Aug-19 22:05:08 GMT; path=/; domain=.registry.npmjs.org; HttpOnly' ],
21 silly get     'cache-control': 'max-age=300',
21 silly get     'cf-cache-status': 'MISS',
21 silly get     'cf-ray': '448e007f48e46fae-SIN',
21 silly get     'expect-ct': 'max-age=604800, report-uri="https://report-uri.cloudflare.com/cdn-cgi/beacon/expect-ct"',
21 silly get     vary: 'accept-encoding, accept',
21 silly get     server: 'cloudflare' } ]
22 silly fetchPackageMetaData Error: Not found : opencv-python
22 silly fetchPackageMetaData     at makeError (/home/ec2-user/.nvm/versions/node/v6.14.3/lib/node_modules/npm/node_modules/npm-registry-client/lib/request.js:302:12)
22 silly fetchPackageMetaData     at CachingRegistryClient.<anonymous> (/home/ec2-user/.nvm/versions/node/v6.14.3/lib/node_modules/npm/node_modules/npm-registry-client/lib/request.js:290:14)
22 silly fetchPackageMetaData     at Request._callback (/home/ec2-user/.nvm/versions/node/v6.14.3/lib/node_modules/npm/node_modules/npm-registry-client/lib/request.js:210:14)
22 silly fetchPackageMetaData     at Request.self.callback (/home/ec2-user/.nvm/versions/node/v6.14.3/lib/node_modules/npm/node_modules/request/request.js:187:22)
22 silly fetchPackageMetaData     at emitTwo (events.js:106:13)
22 silly fetchPackageMetaData     at Request.emit (events.js:191:7)
22 silly fetchPackageMetaData     at Request.<anonymous> (/home/ec2-user/.nvm/versions/node/v6.14.3/lib/node_modules/npm/node_modules/request/request.js:1048:10)
22 silly fetchPackageMetaData     at emitOne (events.js:96:13)
22 silly fetchPackageMetaData     at Request.emit (events.js:188:7)
22 silly fetchPackageMetaData     at IncomingMessage.<anonymous> (/home/ec2-user/.nvm/versions/node/v6.14.3/lib/node_modules/npm/node_modules/request/request.js:969:12)
22 silly fetchPackageMetaData  error for opencv-python { Error: Not found : opencv-python
22 silly fetchPackageMetaData     at makeError (/home/ec2-user/.nvm/versions/node/v6.14.3/lib/node_modules/npm/node_modules/npm-registry-client/lib/request.js:302:12)
22 silly fetchPackageMetaData     at CachingRegistryClient.<anonymous> (/home/ec2-user/.nvm/versions/node/v6.14.3/lib/node_modules/npm/node_modules/npm-registry-client/lib/request.js:290:14)
22 silly fetchPackageMetaData     at Request._callback (/home/ec2-user/.nvm/versions/node/v6.14.3/lib/node_modules/npm/node_modules/npm-registry-client/lib/request.js:210:14)
22 silly fetchPackageMetaData     at Request.self.callback (/home/ec2-user/.nvm/versions/node/v6.14.3/lib/node_modules/npm/node_modules/request/request.js:187:22)
22 silly fetchPackageMetaData     at emitTwo (events.js:106:13)
22 silly fetchPackageMetaData     at Request.emit (events.js:191:7)
22 silly fetchPackageMetaData     at Request.<anonymous> (/home/ec2-user/.nvm/versions/node/v6.14.3/lib/node_modules/npm/node_modules/request/request.js:1048:10)
22 silly fetchPackageMetaData     at emitOne (events.js:96:13)
22 silly fetchPackageMetaData     at Request.emit (events.js:188:7)
22 silly fetchPackageMetaData     at IncomingMessage.<anonymous> (/home/ec2-user/.nvm/versions/node/v6.14.3/lib/node_modules/npm/node_modules/request/request.js:969:12) pkgid: 'opencv-python', statusCode: 404, code: 'E404' }
23 silly rollbackFailedOptional Starting
24 silly rollbackFailedOptional Finishing
25 silly runTopLevelLifecycles Finishing
26 silly install printInstalled
27 verbose stack Error: Not found : opencv-python
27 verbose stack     at makeError (/home/ec2-user/.nvm/versions/node/v6.14.3/lib/node_modules/npm/node_modules/npm-registry-client/lib/request.js:302:12)
27 verbose stack     at CachingRegistryClient.<anonymous> (/home/ec2-user/.nvm/versions/node/v6.14.3/lib/node_modules/npm/node_modules/npm-registry-client/lib/request.js:290:14)
27 verbose stack     at Request._callback (/home/ec2-user/.nvm/versions/node/v6.14.3/lib/node_modules/npm/node_modules/npm-registry-client/lib/request.js:210:14)
27 verbose stack     at Request.self.callback (/home/ec2-user/.nvm/versions/node/v6.14.3/lib/node_modules/npm/node_modules/request/request.js:187:22)
27 verbose stack     at emitTwo (events.js:106:13)
27 verbose stack     at Request.emit (events.js:191:7)
27 verbose stack     at Request.<anonymous> (/home/ec2-user/.nvm/versions/node/v6.14.3/lib/node_modules/npm/node_modules/request/request.js:1048:10)
27 verbose stack     at emitOne (events.js:96:13)
27 verbose stack     at Request.emit (events.js:188:7)
27 verbose stack     at IncomingMessage.<anonymous> (/home/ec2-user/.nvm/versions/node/v6.14.3/lib/node_modules/npm/node_modules/request/request.js:969:12)
28 verbose statusCode 404
29 verbose pkgid opencv-python
30 verbose cwd /home/ec2-user/environment/app
31 error Linux 4.14.59-64.43.amzn1.x86_64
32 error argv "/home/ec2-user/.nvm/versions/node/v6.14.3/bin/node" "/home/ec2-user/.nvm/versions/node/v6.14.3/bin/npm" "install" "opencv-python"
33 error node v6.14.3
34 error npm  v3.10.10
35 error code E404
36 error 404 Not found : opencv-python
37 error 404
38 error 404 'opencv-python' is not in the npm registry.
39 error 404 You should bug the author to publish it (or use the name yourself!)
40 error 404 Note that you can also install from a
41 error 404 tarball, folder, http url, or git url.
42 verbose exit [ 1, true ]
